INFO:  latexindent.pl version 3.19, 2022-10-30, a script to indent .tex files
       latexindent.pl lives here: C:/Users/anais/AppData/Local/Programs/MiKTeX/scripts/latexindent/
       Sun Nov 20 14:53:18 2022
       Filename: e:/OneDrive/GI05 (Erasmus Barcelone)/Cursos/Internet de les Coses - Internet of Things - 105075/Project/documentation/functional_performance_specification/conclusion/__latexindent_temp.tex
INFO:  Processing switches:
       -y|--yaml: YAML settings specified via command line
       -c|--cruft: cruft directory
INFO:  Directory for backup files and e:/OneDrive/GI05 (Erasmus Barcelone)/Cursos/Internet de les Coses - Internet of Things - 105075/Project/documentation/functional_performance_specification//indent.log:
       e:/OneDrive/GI05 (Erasmus Barcelone)/Cursos/Internet de les Coses - Internet of Things - 105075/Project/documentation/functional_performance_specification/
INFO:  Perl modules are being loaded from the following directories:
       C:/Strawberry/perl/lib/FindBin.pm
       C:/Strawberry/perl/vendor/lib/YAML/Tiny.pm
       C:/Strawberry/perl/lib/File/Copy.pm
       C:/Strawberry/perl/lib/File/Basename.pm
       C:/Strawberry/perl/lib/Getopt/Long.pm
       C:/Strawberry/perl/vendor/lib/File/HomeDir.pm
INFO:  LatexIndent perl modules are being loaded from, for example:
       C:/Users/anais/AppData/Local/Programs/MiKTeX/scripts/latexindent/LatexIndent/Document.pm
INFO:  YAML settings read: defaultSettings.yaml
       Reading defaultSettings.yaml from C:/Users/anais/AppData/Local/Programs/MiKTeX/scripts/latexindent/defaultSettings.yaml
INFO:  YAML settings read: indentconfig.yaml or .indentconfig.yaml
       Home directory is C:\Users\anais (didn't find either indentconfig.yaml or .indentconfig.yaml)
       To specify user settings you would put indentconfig.yaml here: C:\Users\anais/indentconfig.yaml
       Alternatively, you can use the hidden file .indentconfig.yaml as: C:\Users\anais/.indentconfig.yaml
INFO:  YAML settings read: -y switch
       YAML setting: defaultIndent:'    '
       single-quoted string found in -y switch: '    ', substitute to     
       Updating mainSettings with defaultIndent:     
INFO:  Phase 1: searching for objects
INFO:  Phase 2: finding surrounding indentation
INFO:  Phase 3: indenting objects
INFO:  Phase 4: final indentation check
INFO:  Output routine:
       Not outputting to file; see -w and -o switches for more options.
       --------------
INFO:  Please direct all communication/issues to:
        https://github.com/cmhughes/latexindent.pl
